<?xml version="1.0" encoding="UTF-8"?>
<!-- Generated by org.testng.reporters.JUnitXMLReporter -->
<testsuite hostname="DESKTOP-NQAC3DT" ignored="0" name="Default test" tests="3" failures="0" timestamp="08 Mar 2018 13:30:12 GMT" time="102.839" errors="0">
  <testcase name="TestScenario_01" time="89.102" classname="com.amazon.AmazonTest"/>
  <testcase name="TestScenario_02" time="1.683" classname="com.amazon.AmazonTest"/>
  <testcase name="TestScenario_03" time="6.465" classname="com.amazon.AmazonTest"/>
</testsuite> <!-- Default test -->
